<?xml version="1.0" encoding="UTF-8"?>
<!-- Generated by org.testng.reporters.JUnitReportReporter -->
<testsuite hostname="DESKTOP-PUR1AJ3" failures="0" tests="2" name="com.runner.CucumberRunner" time="16.449" errors="0" timestamp="17 Nov 2022 05:26:43 GMT" skipped="0">
  <testcase classname="com.runner.CucumberRunner" name="runScenario" time="7.299"/>
  <testcase classname="com.runner.CucumberRunner" name="runScenario" time="9.150"/>
</testsuite> <!-- com.runner.CucumberRunner -->
